example/build/app/outputs/mapping/release/seeds.txt
com.example.example.MainActivity
com.example.example.MainActivity: MainActivity()
...
androidx.core.app.RemoteActionCompat: RemoteActionCompat()
io.flutter.embedding.engine.FlutterJNI: void nativeUpdateRefreshRate(float)
androidx.window.layout.WindowInfoTrackerImpl$windowLayoutInfo$1: kotlin.coroutines.Continuation create(java.lang.Object,kotlin.coroutines.Continuation)
io.flutter.embedding.engine.FlutterJNI: void onSurfaceCreated(android.view.Surface)
androidx.window.embedding.EmbeddingAdapter: boolean translateIntentPredicates$lambda-8(java.util.Set,android.content.Intent)
androidx.window.layout.ExtensionInterfaceCompat: void setExtensionCallback(androidx.window.layout.ExtensionInterfaceCompat$ExtensionCallbackInterface)
androidx.window.layout.ActivityCompatHelperApi30: android.graphics.Rect currentWindowBounds(android.app.Activity)
androidx.window.embedding.SplitPairFilter: boolean equals(java.lang.Object)
kotlinx.coroutines.internal.ThreadSafeHeap
androidx.window.layout.EmptyDecorator: EmptyDecorator()
androidx.window.layout.HardwareFoldingFeature$Type: androidx.window.layout.HardwareFoldingFeature$Type access$getHINGE$cp()
io.flutter.plugin.editing.ImeSyncDeferringInsetsCallback: android.view.View view
kotlinx.coroutines.android.AndroidExceptionPreHandler: java.lang.Object _preHandler
androidx.window.core.Version: int major
kotlinx.coroutines.android.AndroidExceptionPreHandler: void handleException(kotlin.coroutines.CoroutineContext,java.lang.Throwable)
io.flutter.embedding.engine.FlutterJNI: void nativeUnregisterTexture(long,long)
io.flutter.embedding.engine.FlutterJNI: boolean isCodePointEmojiModifier(int)
io.flutter.embedding.engine.mutatorsstack.FlutterMutatorsStack: java.util.List mutators
kotlinx.coroutines.android.AndroidDispatcherFactory: AndroidDispatcherFactory()
androidx.window.layout.WindowMetrics: WindowMetrics(android.graphics.Rect)
io.flutter.plugin.editing.ImeSyncDeferringInsetsCallback: android.view.WindowInsets access$400(io.flutter.plugin.editing.ImeSyncDeferringInsetsCallback)
io.flutter.embedding.engine.FlutterJNI: void ensureNotAttachedToNative()
androidx.window.layout.FoldingFeature$Orientation: androidx.window.layout.FoldingFeature$Orientation$Companion Companion
androidx.window.embedding.SplitPairFilter: android.content.ComponentName secondaryActivityName
kotlin.jvm.internal.CallableReference: kotlin.reflect.KDeclarationContainer getOwner()
androidx.window.embedding.SplitInfo: float getSplitRatio()
androidx.window.layout.ExtensionsWindowLayoutInfoAdapter: androidx.window.layout.FoldingFeature translate$window_release(android.app.Activity,androidx.window.extensions.layout.FoldingFeature)
io.flutter.view.AccessibilityViewEmbedder: java.lang.Integer getRecordFlutterId(android.view.View,android.view.accessibility.AccessibilityRecord)
androidx.window.embedding.SplitController: void access$setGlobalInstance$cp(androidx.window.embedding.SplitController)
androidx.window.layout.WindowInfoTrackerImpl$windowLayoutInfo$1: java.lang.Object invokeSuspend(java.lang.Object)
io.flutter.plugin.editing.ImeSyncDeferringInsetsCallback$AnimationCallback: void onEnd(android.view.WindowInsetsAnimation)
androidx.window.R$styleable: int[] SplitPairRule
androidx.window.layout.FoldingFeature$State: androidx.window.layout.FoldingFeature$State FLAT
androidx.window.embedding.MatcherUtils: java.lang.String sMatchersTag
androidx.window.layout.HardwareFoldingFeature: androidx.window.layout.FoldingFeature$State getState()
androidx.window.embedding.ExtensionEmbeddingBackend$Companion
io.flutter.plugin.platform.SingleViewPresentation: android.content.Context outerContext
io.flutter.plugins.GeneratedPluginRegistrant: GeneratedPluginRegistrant()
io.flutter.view.AccessibilityViewEmbedder: android.view.View rootAccessibilityView
androidx.window.embedding.SplitPairRule: boolean equals(java.lang.Object)
androidx.window.core.Version: int compareTo(java.lang.Object)
androidx.window.embedding.EmbeddingAdapter
io.flutter.embedding.engine.renderer.SurfaceTextureWrapper: boolean attached