example/build/app/outputs/mapping/release/mapping.txt
# compiler: R8
# compiler_version: 2.1.62
# min_api: 16
# pg_map_id: bb147a3
# common_typos_disable
...
kotlinx.coroutines.channels.Send -> kotlinx.coroutines.j2.s:
    kotlinx.coroutines.internal.Symbol tryResumeSend(kotlinx.coroutines.internal.LockFreeLinkedListNode$PrepareOp) -> A
    void undeliveredElement() -> B
    void completeResumeSend() -> y
    java.lang.Object getPollResult() -> z
kotlinx.coroutines.channels.SendChannel -> kotlinx.coroutines.j2.t:
    java.lang.Object trySend-JP2dKIU(java.lang.Object) -> a
kotlinx.coroutines.flow.AbstractFlow -> kotlinx.coroutines.k2.a:
    java.lang.Object collect(kotlinx.coroutines.flow.FlowCollector,kotlin.coroutines.Continuation) -> a
    java.lang.Object collectSafely(kotlinx.coroutines.flow.FlowCollector,kotlin.coroutines.Continuation) -> b
kotlinx.coroutines.flow.AbstractFlow$collect$1 -> kotlinx.coroutines.k2.a$a:
    java.lang.Object L$0 -> d
    java.lang.Object result -> e
    kotlinx.coroutines.flow.AbstractFlow this$0 -> f
    int label -> g
kotlinx.coroutines.flow.Flow -> kotlinx.coroutines.k2.b:
    java.lang.Object collect(kotlinx.coroutines.flow.FlowCollector,kotlin.coroutines.Continuation) -> a
kotlinx.coroutines.flow.FlowCollector -> kotlinx.coroutines.k2.c:
kotlinx.coroutines.flow.FlowKt -> kotlinx.coroutines.k2.d:
    kotlinx.coroutines.flow.Flow flow(kotlin.jvm.functions.Function2) -> a
kotlinx.coroutines.flow.FlowKt__BuildersKt -> kotlinx.coroutines.k2.e:
    kotlinx.coroutines.flow.Flow flow(kotlin.jvm.functions.Function2) -> a
kotlinx.coroutines.flow.SafeFlow -> kotlinx.coroutines.k2.f:
    kotlin.jvm.functions.Function2 block -> a
    java.lang.Object collectSafely(kotlinx.coroutines.flow.FlowCollector,kotlin.coroutines.Continuation) -> b
kotlinx.coroutines.flow.internal.DownstreamExceptionElement -> kotlinx.coroutines.k2.g.a:
    kotlin.coroutines.CoroutineContext$Key key -> e
    java.lang.Throwable e -> d
    kotlinx.coroutines.flow.internal.DownstreamExceptionElement$Key Key -> f
kotlinx.coroutines.flow.internal.DownstreamExceptionElement$Key -> kotlinx.coroutines.k2.g.a$a:
kotlinx.coroutines.flow.internal.NoOpContinuation -> kotlinx.coroutines.k2.g.b:
    kotlinx.coroutines.flow.internal.NoOpContinuation INSTANCE -> d
    kotlin.coroutines.CoroutineContext context -> e
kotlinx.coroutines.flow.internal.SafeCollector -> kotlinx.coroutines.k2.g.c:
    kotlin.coroutines.CoroutineContext lastEmissionContext -> g
    kotlin.coroutines.CoroutineContext collectContext -> e
    int collectContextSize -> f
    kotlinx.coroutines.flow.FlowCollector collector -> d
    kotlin.coroutines.Continuation completion -> h
    void checkContext(kotlin.coroutines.CoroutineContext,kotlin.coroutines.CoroutineContext,java.lang.Object) -> a
    java.lang.Object emit(kotlin.coroutines.Continuation,java.lang.Object) -> c
    void exceptionTransparencyViolated(kotlinx.coroutines.flow.internal.DownstreamExceptionElement,java.lang.Object) -> d
kotlinx.coroutines.flow.internal.SafeCollector$collectContextSize$1 -> kotlinx.coroutines.k2.g.c$a:
    kotlinx.coroutines.flow.internal.SafeCollector$collectContextSize$1 INSTANCE -> d
    java.lang.Integer invoke(int,kotlin.coroutines.CoroutineContext$Element) -> a
kotlinx.coroutines.flow.internal.SafeCollectorKt -> kotlinx.coroutines.k2.g.d:
    kotlin.jvm.functions.Function3 emitFun -> a
    kotlin.jvm.functions.Function3 access$getEmitFun$p() -> a
kotlinx.coroutines.flow.internal.SafeCollectorKt$emitFun$1 -> kotlinx.coroutines.k2.g.d$a:
    kotlinx.coroutines.flow.internal.SafeCollectorKt$emitFun$1 INSTANCE -> d
    java.lang.Object invoke(kotlinx.coroutines.flow.FlowCollector,java.lang.Object,kotlin.coroutines.Continuation) -> b
    java.lang.Object invoke(java.lang.Object,java.lang.Object,java.lang.Object) -> f
kotlinx.coroutines.flow.internal.SafeCollector_commonKt -> kotlinx.coroutines.k2.g.e:
    void checkContext(kotlinx.coroutines.flow.internal.SafeCollector,kotlin.coroutines.CoroutineContext) -> a
    kotlinx.coroutines.Job transitiveCoroutineParent(kotlinx.coroutines.Job,kotlinx.coroutines.Job) -> b