example/build/app/outputs/mapping/release/usage.txt
com.example.example.BuildConfig
com.example.example.R$string
com.example.example.R$attr
com.example.example.R$dimen
com.example.example.R$mipmap
com.example.example.R
com.example.example.R$drawable
com.example.example.R$layout
com.example.example.R$color
com.example.example.R$integer
com.example.example.R$id
com.example.example.R$style
com.example.example.R$styleable
...
kotlin.contracts.ConditionalEffect
kotlinx.coroutines.internal.LockFreeLinkedListKt:
    public static synthetic void getUNDECIDED$annotations()
    public static synthetic void getSUCCESS$annotations()
    public static synthetic void getFAILURE$annotations()
    public static synthetic void getCONDITION_FALSE$annotations()
    public static final java.lang.Object getLIST_EMPTY()
    public static synthetic void getLIST_EMPTY$annotations()
    public static final int UNDECIDED
    public static final int SUCCESS
    public static final int FAILURE
kotlinx.coroutines.channels.ChannelKt:
    public static final java.lang.Object getOrElse-WpGqRn0(java.lang.Object,kotlin.jvm.functions.Function1)
    public static final java.lang.Object onSuccess-WpGqRn0(java.lang.Object,kotlin.jvm.functions.Function1)
    public static final java.lang.Object onFailure-WpGqRn0(java.lang.Object,kotlin.jvm.functions.Function1)
    public static final java.lang.Object onClosed-WpGqRn0(java.lang.Object,kotlin.jvm.functions.Function1)
    public static final synthetic kotlinx.coroutines.channels.Channel Channel(int)
    public static synthetic kotlinx.coroutines.channels.Channel Channel$default(int,int,java.lang.Object)
kotlinx.coroutines.debug.internal.DebugProbesImpl$dumpCoroutinesSynchronized$1$2
kotlin.text.StringsKt___StringsKt$chunkedSequence$1
kotlinx.coroutines.InterruptibleKt
androidx.activity.R
kotlin.LazyThreadSafetyMode
kotlinx.coroutines.channels.ActorScope
kotlinx.coroutines.CompletableJob$DefaultImpls
androidx.core.app.NotificationCompat$BigTextStyle
kotlin.jvm.internal.CharSpreadBuilder
androidx.core.app.ActivityCompat$PermissionCompatDelegate
androidx.core.view.inputmethod.InputContentInfoCompat$InputContentInfoCompatBaseImpl
androidx.annotation.AnyThread
androidx.core.content.FileProvider$PathStrategy
kotlin.jvm.Volatile
kotlinx.coroutines.AwaitKt
androidx.core.widget.ImageViewCompat
androidx.annotation.RestrictTo$Scope
androidx.core.widget.ContentLoadingProgressBar
kotlinx.coroutines.flow.ChannelAsFlow
io.flutter.plugin.common.EventChannel$IncomingStreamRequestHandler$EventSinkImplementation
kotlinx.coroutines.flow.StartedLazily$command$1
androidx.core.app.NotificationCompatJellybean
kotlin.sequences.SubSequence$iterator$1
io.flutter.embedding.android.FlutterFragment$ActivityCallThrough
kotlin.collections.RingBuffer
kotlin.jvm.internal.Ref$ObjectRef
kotlinx.coroutines.channels.ChannelResult:
    public static synthetic void getHolder$annotations()
    public static final boolean isSuccess-impl(java.lang.Object)
    public static final boolean isFailure-impl(java.lang.Object)
    public static final boolean isClosed-impl(java.lang.Object)
    public static final java.lang.Object getOrNull-impl(java.lang.Object)
    public static final java.lang.Object getOrThrow-impl(java.lang.Object)
    public static final java.lang.Throwable exceptionOrNull-impl(java.lang.Object)
    public static java.lang.String toString-impl(java.lang.Object)
    public static int hashCode-impl(java.lang.Object)
    public static boolean equals-impl(java.lang.Object,java.lang.Object)
    private synthetic void <init>(java.lang.Object)
    public static final synthetic kotlinx.coroutines.channels.ChannelResult box-impl(java.lang.Object)
    public static final boolean equals-impl0(java.lang.Object,java.lang.Object)
    public java.lang.String toString()
    public int hashCode()
    public boolean equals(java.lang.Object)
    public final synthetic java.lang.Object unbox-impl()
    private final java.lang.Object holder
androidx.fragment.R$color
kotlin.properties.PropertyDelegateProvider
androidx.fragment.app.FragmentManagerImpl$PopBackStackState
androidx.core.app.JobIntentService
kotlinx.coroutines.TimeoutKt$withTimeoutOrNull$1
androidx.core.location.LocationManagerCompat$Api30Impl
kotlin.collections.ArraysKt___ArraysKt$asIterable$$inlined$Iterable$2
androidx.core.os.HandlerCompat
kotlin.UIntArray
kotlinx.coroutines.flow.internal.ChildCancelledException